<?xml version="1.0" encoding="UTF-8"?><testrun name="TestRunner" project="HabileTechnologies" tests="8" started="8" failures="0" errors="4" ignored="0">
  <testsuite name="stepDefinitions.TestRunner" time="15.053">
    <testsuite name="Flipkart Login functionality" time="15.053">
      <testsuite name="To verify whether user is able to login to the flipkart application" time="14.872" incomplete="true">
        <error>org.openqa.selenium.StaleElementReferenceException: stale element reference: element is not attached to the page document
  (Session info: chrome=91.0.4472.77)
For documentation on this error, please visit: https://www.seleniumhq.org/exceptions/stale_element_reference.html
Build info: version: '3.141.59', revision: 'e82be7d358', time: '2018-11-14T08:17:03'
System info: host: 'DESKTOP-R4K71T8', ip: '192.168.0.105', os.name: 'Windows 10', os.arch: 'amd64', os.version: '10.0', java.version: '1.8.0_291'
Driver info: org.openqa.selenium.chrome.ChromeDriver
Capabilities {acceptInsecureCerts: false, browserName: chrome, browserVersion: 91.0.4472.77, chrome: {chromedriverVersion: 90.0.4430.24 (4c6d850f087da..., userDataDir: C:\Users\DELL\AppData\Local...}, goog:chromeOptions: {debuggerAddress: localhost:53989}, javascriptEnabled: true, networkConnectionEnabled: false, pageLoadStrategy: normal, platform: WINDOWS, platformName: WINDOWS, proxy: Proxy(), setWindowRect: true, strictFileInteractability: false, timeouts: {implicit: 0, pageLoad: 300000, script: 30000}, unhandledPromptBehavior: dismiss and notify, webauthn:extension:largeBlob: true, webauthn:virtualAuthenticators: true}
Session ID: 26c2f6658b0ce7193badf6cd9294819b&#13;
	at sun.reflect.NativeConstructorAccessorImpl.newInstance0(Native Method)&#13;
	at sun.reflect.NativeConstructorAccessorImpl.newInstance(NativeConstructorAccessorImpl.java:62)&#13;
	at sun.reflect.DelegatingConstructorAccessorImpl.newInstance(DelegatingConstructorAccessorImpl.java:45)&#13;
	at java.lang.reflect.Constructor.newInstance(Constructor.java:423)&#13;
	at org.openqa.selenium.remote.http.W3CHttpResponseCodec.createException(W3CHttpResponseCodec.java:187)&#13;
	at org.openqa.selenium.remote.http.W3CHttpResponseCodec.decode(W3CHttpResponseCodec.java:122)&#13;
	at org.openqa.selenium.remote.http.W3CHttpResponseCodec.decode(W3CHttpResponseCodec.java:49)&#13;
	at org.openqa.selenium.remote.HttpCommandExecutor.execute(HttpCommandExecutor.java:158)&#13;
	at org.openqa.selenium.remote.service.DriverCommandExecutor.execute(DriverCommandExecutor.java:83)&#13;
	at org.openqa.selenium.remote.RemoteWebDriver.execute(RemoteWebDriver.java:552)&#13;
	at org.openqa.selenium.remote.RemoteWebElement.execute(RemoteWebElement.java:285)&#13;
	at org.openqa.selenium.remote.RemoteWebElement.isDisplayed(RemoteWebElement.java:326)&#13;
	at stepDefinitions.FlipkartLoginSD.the_user_should_be_nvigated_to_the_home_page_of_the_application(FlipkartLoginSD.java:61)&#13;
	at ✽.The user should be nvigated to the home page of the application(file:///C:/Users/DELL/eclipse-workspace/HabileTechnologies/src/test/resources/features/FlipkartLogin.feature:8)&#13;
&#13;
</error>
        <testcase name="The user is present in the login of the application" classname="To verify whether user is able to login to the flipkart application" time="11.144"/>
        <testcase name="The user enters gokul.shankar101@gmail.com and abashed13705" classname="To verify whether user is able to login to the flipkart application" time="1.136"/>
        <testcase name="Clicks on Login button" classname="To verify whether user is able to login to the flipkart application" time="0.281"/>
        <testcase name="The user should be nvigated to the home page of the application" classname="To verify whether user is able to login to the flipkart application" time="2.311">
          <error>org.openqa.selenium.StaleElementReferenceException: stale element reference: element is not attached to the page document
  (Session info: chrome=91.0.4472.77)
For documentation on this error, please visit: https://www.seleniumhq.org/exceptions/stale_element_reference.html
Build info: version: '3.141.59', revision: 'e82be7d358', time: '2018-11-14T08:17:03'
System info: host: 'DESKTOP-R4K71T8', ip: '192.168.0.105', os.name: 'Windows 10', os.arch: 'amd64', os.version: '10.0', java.version: '1.8.0_291'
Driver info: org.openqa.selenium.chrome.ChromeDriver
Capabilities {acceptInsecureCerts: false, browserName: chrome, browserVersion: 91.0.4472.77, chrome: {chromedriverVersion: 90.0.4430.24 (4c6d850f087da..., userDataDir: C:\Users\DELL\AppData\Local...}, goog:chromeOptions: {debuggerAddress: localhost:53989}, javascriptEnabled: true, networkConnectionEnabled: false, pageLoadStrategy: normal, platform: WINDOWS, platformName: WINDOWS, proxy: Proxy(), setWindowRect: true, strictFileInteractability: false, timeouts: {implicit: 0, pageLoad: 300000, script: 30000}, unhandledPromptBehavior: dismiss and notify, webauthn:extension:largeBlob: true, webauthn:virtualAuthenticators: true}
Session ID: 26c2f6658b0ce7193badf6cd9294819b&#13;
	at sun.reflect.NativeConstructorAccessorImpl.newInstance0(Native Method)&#13;
	at sun.reflect.NativeConstructorAccessorImpl.newInstance(NativeConstructorAccessorImpl.java:62)&#13;
	at sun.reflect.DelegatingConstructorAccessorImpl.newInstance(DelegatingConstructorAccessorImpl.java:45)&#13;
	at java.lang.reflect.Constructor.newInstance(Constructor.java:423)&#13;
	at org.openqa.selenium.remote.http.W3CHttpResponseCodec.createException(W3CHttpResponseCodec.java:187)&#13;
	at org.openqa.selenium.remote.http.W3CHttpResponseCodec.decode(W3CHttpResponseCodec.java:122)&#13;
	at org.openqa.selenium.remote.http.W3CHttpResponseCodec.decode(W3CHttpResponseCodec.java:49)&#13;
	at org.openqa.selenium.remote.HttpCommandExecutor.execute(HttpCommandExecutor.java:158)&#13;
	at org.openqa.selenium.remote.service.DriverCommandExecutor.execute(DriverCommandExecutor.java:83)&#13;
	at org.openqa.selenium.remote.RemoteWebDriver.execute(RemoteWebDriver.java:552)&#13;
	at org.openqa.selenium.remote.RemoteWebElement.execute(RemoteWebElement.java:285)&#13;
	at org.openqa.selenium.remote.RemoteWebElement.isDisplayed(RemoteWebElement.java:326)&#13;
	at stepDefinitions.FlipkartLoginSD.the_user_should_be_nvigated_to_the_home_page_of_the_application(FlipkartLoginSD.java:61)&#13;
	at ✽.The user should be nvigated to the home page of the application(file:///C:/Users/DELL/eclipse-workspace/HabileTechnologies/src/test/resources/features/FlipkartLogin.feature:8)&#13;
&#13;
</error>
        </testcase>
      </testsuite>
      <testsuite name="To verify whether user is able to add products in the Cart" time="0.027" incomplete="true">
        <error>io.cucumber.junit.UndefinedStepException: The step 'The user is on the Flipkart home page' and 3 other step(s) are undefined.
You can implement these steps using the snippet(s) below:

@Given("The user is on the Flipkart home page")
public void the_user_is_on_the_flipkart_home_page() {
    // Write code here that turns the phrase above into concrete actions
    throw new io.cucumber.java.PendingException();
}
@When("The users searches for the product and navigates to the product details page")
public void the_users_searches_for_the_product_and_navigates_to_the_product_details_page() {
    // Write code here that turns the phrase above into concrete actions
    throw new io.cucumber.java.PendingException();
}
@When("The user adds the product to the Cart section")
public void the_user_adds_the_product_to_the_cart_section() {
    // Write code here that turns the phrase above into concrete actions
    throw new io.cucumber.java.PendingException();
}
@Then("The product should be added in the My Cart section")
public void the_product_should_be_added_in_the_my_cart_section() {
    // Write code here that turns the phrase above into concrete actions
    throw new io.cucumber.java.PendingException();
}
&#13;
&#13;
</error>
        <testcase name="The user is on the Flipkart home page" classname="To verify whether user is able to add products in the Cart" time="0.01">
          <error>io.cucumber.junit.UndefinedStepException: The step 'The user is on the Flipkart home page' and 3 other step(s) are undefined.
You can implement these steps using the snippet(s) below:

@Given("The user is on the Flipkart home page")
public void the_user_is_on_the_flipkart_home_page() {
    // Write code here that turns the phrase above into concrete actions
    throw new io.cucumber.java.PendingException();
}
@When("The users searches for the product and navigates to the product details page")
public void the_users_searches_for_the_product_and_navigates_to_the_product_details_page() {
    // Write code here that turns the phrase above into concrete actions
    throw new io.cucumber.java.PendingException();
}
@When("The user adds the product to the Cart section")
public void the_user_adds_the_product_to_the_cart_section() {
    // Write code here that turns the phrase above into concrete actions
    throw new io.cucumber.java.PendingException();
}
@Then("The product should be added in the My Cart section")
public void the_product_should_be_added_in_the_my_cart_section() {
    // Write code here that turns the phrase above into concrete actions
    throw new io.cucumber.java.PendingException();
}
&#13;
&#13;
</error>
        </testcase>
        <testcase name="The users searches for the product and navigates to the product details page" classname="To verify whether user is able to add products in the Cart" time="0.004">
          <skipped>io.cucumber.junit.SkippedThrowable: This step is skipped&#13;
&#13;
</skipped>
        </testcase>
        <testcase name="The user adds the product to the Cart section" classname="To verify whether user is able to add products in the Cart" time="0.003">
          <skipped>io.cucumber.junit.SkippedThrowable: This step is skipped&#13;
&#13;
</skipped>
        </testcase>
        <testcase name="The product should be added in the My Cart section" classname="To verify whether user is able to add products in the Cart" time="0.002">
          <skipped>io.cucumber.junit.SkippedThrowable: This step is skipped&#13;
&#13;
</skipped>
        </testcase>
      </testsuite>
    </testsuite>
  </testsuite>
</testrun>
